#
# There is insufficient memory for the Java Runtime Environment to continue.
# Native memory allocation (mmap) failed to map 134217728 bytes for G1 virtual space
# Possible reasons:
#   The system is out of physical RAM or swap space
#   The process is running with CompressedOops enabled, and the Java Heap may be blocking the growth of the native heap
# Possible solutions:
#   Reduce memory load on the system
#   Increase physical memory or swap space
#   Check if swap backing store is full
#   Decrease Java heap size (-Xmx/-Xms)
#   Decrease number of Java threads
#   Decrease Java thread stack sizes (-Xss)
#   Set larger code cache with -XX:ReservedCodeCacheSize=
#   JVM is running with Unscaled Compressed Oops mode in which the Java heap is
#     placed in the first 4GB address space. The Java Heap base address is the
#     maximum limit for the native heap growth. Please use -XX:HeapBaseMinAddress
#     to set the Java Heap base and to place the Java Heap above 4GB virtual address.
# This output file may be truncated or incomplete.
#
#  Out of Memory Error (os_windows.cpp:3747), pid=18052, tid=5424
#
# JRE version:  (17.0.3+7) (build )
# Java VM: OpenJDK 64-Bit Server VM (17.0.3+7-b469.37, mixed mode, sharing, tiered, compressed oops, compressed class ptrs, g1 gc, windows-amd64)
# No core dump will be written. Minidumps are not enabled by default on client versions of Windows
#

---------------  S U M M A R Y ------------

Command Line: -Dawt.toolkit=com.intellij.desktop.DesktopActionsToolkit -Djava.rmi.server.hostname=127.0.0.1 -Duser.timezone=UTC -Xmx1024m -Xms128m --add-exports=java.desktop/sun.awt=ALL-UNNAMED --add-exports=java.desktop/java.awt.peer=ALL-UNNAMED --add-opens=java.desktop/java.awt=ALL-UNNAMED --add-opens=jdk.unsupported/sun.misc=ALL-UNNAMED --add-opens=java.base/java.nio=ALL-UNNAMED -Dfile.encoding=UTF-8 com.intellij.database.remote.RemoteJdbcServer com.mysql.cj.jdbc.Driver

Host: AMD Ryzen 5 3550H with Radeon Vega Mobile Gfx  , 8 cores, 14G,  Windows 10 , 64 bit Build 19041 (10.0.19041.2546)
Time: Mon Feb 20 19:13:55 2023  Windows 10 , 64 bit Build 19041 (10.0.19041.2546) elapsed time: 0.076134 seconds (0d 0h 0m 0s)

---------------  T H R E A D  ---------------

Current thread (0x0000028d3a646290):  JavaThread "Unknown thread" [_thread_in_vm, id=5424, stack(0x000000e5be400000,0x000000e5be500000)]

Stack: [0x000000e5be400000,0x000000e5be500000]
Native frames: (J=compiled Java code, j=interpreted, Vv=VM code, C=native code)
V  [jvm.dll+0x681f8a]
V  [jvm.dll+0x83e374]
V  [jvm.dll+0x83fb1e]
V  [jvm.dll+0x840183]
V  [jvm.dll+0x2492a5]
V  [jvm.dll+0x67ee59]
V  [jvm.dll+0x67355a]
V  [jvm.dll+0x308fab]
V  [jvm.dll+0x310466]
V  [jvm.dll+0x3601de]
V  [jvm.dll+0x36040f]
V  [jvm.dll+0x2df098]
V  [jvm.dll+0x2e0004]
V  [jvm.dll+0x80fc61]
V  [jvm.dll+0x36df61]
V  [jvm.dll+0x7ef17c]
V  [jvm.dll+0x3f10ef]
V  [jvm.dll+0x3f2c31]
C  [jli.dll+0x526b]
C  [ucrtbase.dll+0x21bb2]
C  [KERNEL32.DLL+0x17614]
C  [ntdll.dll+0x526a1]


---------------  P R O C E S S  ---------------

Threads class SMR info:
_java_thread_list=0x00007ffed4c66f18, length=0, elements={
}

Java Threads: ( => current thread )

Other Threads:
  0x0000028d3a682650 GCTaskThread "GC Thread#0" [stack: 0x000000e5be500000,0x000000e5be600000] [id=18072]
  0x0000028d3a68b4a0 ConcurrentGCThread "G1 Main Marker" [stack: 0x000000e5be600000,0x000000e5be700000] [id=1732]
  0x0000028d3a68bdc0 ConcurrentGCThread "G1 Conc#0" [stack: 0x000000e5be700000,0x000000e5be800000] [id=1704]

[error occurred during error reporting (printing all threads), id 0xc0000005, EXCEPTION_ACCESS_VIOLATION (0xc0000005) at pc=0x00007ffed441fc57]

VM state: not at safepoint (not fully initialized)

VM Mutex/Monitor currently owned by a thread:  ([mutex/lock_event])
[0x0000028d3858da90] Heap_lock - owner thread: 0x0000028d3a646290

Heap address: 0x00000000c0000000, size: 1024 MB, Compressed Oops mode: 32-bit

CDS archive(s) mapped at: [0x0000000000000000-0x0000000000000000-0x0000000000000000), size 0, SharedBaseAddress: 0x0000000800000000, ArchiveRelocationMode: 0.
Narrow klass base: 0x0000000000000000, Narrow klass shift: 0, Narrow klass range: 0x0

GC Precious Log:
<Empty>

Heap:
 garbage-first heap   total 0K, used 0K [0x00000000c0000000, 0x0000000100000000)
  region size 1024K, 0 young (0K), 0 survivors (0K)

[error occurred during error reporting (printing heap information), id 0xc0000005, EXCEPTION_ACCESS_VIOLATION (0xc0000005) at pc=0x00007ffed480bbd9]

GC Heap History (0 events):
No events

Deoptimization events (0 events):
No events

Classes unloaded (0 events):
No events

Classes redefined (0 events):
No events

Internal exceptions (0 events):
No events

VM Operations (0 events):
No events

Events (1 events):
Event: 0.051 Loaded shared library E:\IntelliJ IDEA 2022.2.1\jbr\bin\java.dll


Dynamic libraries:
0x00007ff68fe50000 - 0x00007ff68fe5a000 	E:\IntelliJ IDEA 2022.2.1\jbr\bin\java.exe
0x00007fff2c830000 - 0x00007fff2ca28000 	C:\WINDOWS\SYSTEM32\ntdll.dll
0x00007fff2c500000 - 0x00007fff2c5bf000 	C:\WINDOWS\System32\KERNEL32.DLL
0x00007fff2a300000 - 0x00007fff2a5d2000 	C:\WINDOWS\System32\KERNELBASE.dll
0x00007fff2a6c0000 - 0x00007fff2a7c0000 	C:\WINDOWS\System32\ucrtbase.dll
0x00007fff12f80000 - 0x00007fff12f97000 	E:\IntelliJ IDEA 2022.2.1\jbr\bin\jli.dll
0x00007fff2c190000 - 0x00007fff2c331000 	C:\WINDOWS\System32\USER32.dll
0x00007fff12dd0000 - 0x00007fff12deb000 	E:\IntelliJ IDEA 2022.2.1\jbr\bin\VCRUNTIME140.dll
0x00007fff29f20000 - 0x00007fff29f42000 	C:\WINDOWS\System32\win32u.dll
0x00007fff2c010000 - 0x00007fff2c03b000 	C:\WINDOWS\System32\GDI32.dll
0x00007fff00430000 - 0x00007fff006ca000 	C:\WINDOWS\WinSxS\amd64_microsoft.windows.common-controls_6595b64144ccf1df_6.0.19041.1110_none_60b5254171f9507e\COMCTL32.dll
0x00007fff2a1f0000 - 0x00007fff2a2ff000 	C:\WINDOWS\System32\gdi32full.dll
0x00007fff2c750000 - 0x00007fff2c7ee000 	C:\WINDOWS\System32\msvcrt.dll
0x00007fff29f50000 - 0x00007fff29fed000 	C:\WINDOWS\System32\msvcp_win.dll
0x00007fff2c040000 - 0x00007fff2c072000 	C:\WINDOWS\System32\IMM32.DLL
0x00007fff22390000 - 0x00007fff2239c000 	E:\IntelliJ IDEA 2022.2.1\jbr\bin\vcruntime140_1.dll
0x00007fff0b060000 - 0x00007fff0b0ed000 	E:\IntelliJ IDEA 2022.2.1\jbr\bin\msvcp140.dll
0x00007ffed4130000 - 0x00007ffed4d98000 	E:\IntelliJ IDEA 2022.2.1\jbr\bin\server\jvm.dll
0x00007fff2c080000 - 0x00007fff2c12e000 	C:\WINDOWS\System32\ADVAPI32.dll
0x00007fff2a9e0000 - 0x00007fff2aa7c000 	C:\WINDOWS\System32\sechost.dll
0x00007fff2c5c0000 - 0x00007fff2c6e5000 	C:\WINDOWS\System32\RPCRT4.dll
0x00007fff2a870000 - 0x00007fff2a878000 	C:\WINDOWS\System32\PSAPI.DLL
0x00007fff223c0000 - 0x00007fff223e7000 	C:\WINDOWS\SYSTEM32\WINMM.dll
0x00007fff244b0000 - 0x00007fff244b9000 	C:\WINDOWS\SYSTEM32\WSOCK32.dll
0x00007fff2c490000 - 0x00007fff2c4fb000 	C:\WINDOWS\System32\WS2_32.dll
0x00007fff223b0000 - 0x00007fff223ba000 	C:\WINDOWS\SYSTEM32\VERSION.dll
0x00007fff287a0000 - 0x00007fff287b2000 	C:\WINDOWS\SYSTEM32\kernel.appcore.dll
0x00007fff22a90000 - 0x00007fff22a9a000 	E:\IntelliJ IDEA 2022.2.1\jbr\bin\jimage.dll
0x00007fff27cf0000 - 0x00007fff27ed4000 	C:\WINDOWS\SYSTEM32\DBGHELP.DLL
0x00007fff1a650000 - 0x00007fff1a685000 	C:\WINDOWS\SYSTEM32\dbgcore.DLL
0x00007fff2a630000 - 0x00007fff2a6b2000 	C:\WINDOWS\System32\bcryptPrimitives.dll
0x00007fff0a310000 - 0x00007fff0a335000 	E:\IntelliJ IDEA 2022.2.1\jbr\bin\java.dll

dbghelp: loaded successfully - version: 4.0.5 - missing functions: none
symbol engine: initialized successfully - sym options: 0x614 - pdb path: .;E:\IntelliJ IDEA 2022.2.1\jbr\bin;C:\WINDOWS\SYSTEM32;C:\WINDOWS\WinSxS\amd64_microsoft.windows.common-controls_6595b64144ccf1df_6.0.19041.1110_none_60b5254171f9507e;E:\IntelliJ IDEA 2022.2.1\jbr\bin\server

VM Arguments:
jvm_args: -Dawt.toolkit=com.intellij.desktop.DesktopActionsToolkit -Djava.rmi.server.hostname=127.0.0.1 -Duser.timezone=UTC -Xmx1024m -Xms128m --add-exports=java.desktop/sun.awt=ALL-UNNAMED --add-exports=java.desktop/java.awt.peer=ALL-UNNAMED --add-opens=java.desktop/java.awt=ALL-UNNAMED --add-opens=jdk.unsupported/sun.misc=ALL-UNNAMED --add-opens=java.base/java.nio=ALL-UNNAMED -Dfile.encoding=UTF-8 
java_command: com.intellij.database.remote.RemoteJdbcServer com.mysql.cj.jdbc.Driver
java_class_path (initial): E:\IntelliJ IDEA 2022.2.1\lib\util_rt.jar;E:\IntelliJ IDEA 2022.2.1\lib\util.jar;E:\IntelliJ IDEA 2022.2.1\lib\groovy.jar;E:\IntelliJ IDEA 2022.2.1\plugins\DatabaseTools\lib\jdbc-console.jar;C:\Users\86191\AppData\Roaming\JetBrains\IntelliJIdea2022.2\jdbc-drivers\MySQL ConnectorJ\8.0.25\mysql-connector-java-8.0.25.jar
Launcher Type: SUN_STANDARD

[Global flags]
     intx CICompilerCount                          = 4                                         {product} {ergonomic}
     uint ConcGCThreads                            = 2                                         {product} {ergonomic}
     uint G1ConcRefinementThreads                  = 8                                         {product} {ergonomic}
   size_t G1HeapRegionSize                         = 1048576                                   {product} {ergonomic}
    uintx GCDrainStackTargetSize                   = 64                                        {product} {ergonomic}
   size_t InitialHeapSize                          = 134217728                                 {product} {command line}
   size_t MarkStackSize                            = 4194304                                   {product} {ergonomic}
   size_t MaxHeapSize                              = 1073741824                                {product} {command line}
   size_t MinHeapDeltaBytes                        = 1048576                                   {product} {ergonomic}
   size_t MinHeapSize                              = 134217728                                 {product} {command line}
    uintx NonNMethodCodeHeapSize                   = 5839372                                {pd product} {ergonomic}
    uintx NonProfiledCodeHeapSize                  = 122909434                              {pd product} {ergonomic}
    uintx ProfiledCodeHeapSize                     = 122909434                              {pd product} {ergonomic}
    uintx ReservedCodeCacheSize                    = 251658240                              {pd product} {ergonomic}
     bool SegmentedCodeCache                       = true                                      {product} {ergonomic}
   size_t SoftMaxHeapSize                          = 1073741824                             {manageable} {ergonomic}
     bool UseCompressedClassPointers               = true                           {product lp64_product} {ergonomic}
     bool UseCompressedOops                        = true                           {product lp64_product} {ergonomic}
     bool UseG1GC                                  = true                                      {product} {ergonomic}
     bool UseLargePagesIndividualAllocation        = false                                  {pd product} {ergonomic}

Logging:
Log output configuration:
 #0: stdout all=warning uptime,level,tags
 #1: stderr all=off uptime,level,tags

Environment Variables:
JAVA_HOME=E:\jdk
PATH=C:\Program Files\VanDyke Software\Clients\;E:\bin\;E:\jdk\bin;E:\node.js;C:\Program Files\MySQL\MySQL Shell 8.0\bin\;C:\Users\86191\AppData\Local\Programs\Python\Python39\Scripts\;C:\Users\86191\AppData\Local\Programs\Python\Python39\;C:\Users\86191\AppData\Local\Programs\Python\Python37\Scripts\;C:\Users\86191\AppData\Local\Programs\Python\Python37\;D:\»ðºü\Scripts\;D:\»ðºü\;C:\Users\86191\AppData\Local\Microsoft\WindowsApps;c:\windows\system32;E:\latex\texlive\2020\bin\win32;D:\Bandizip\;C:\Users\86191\.dotnet\tools;E:\Microsoft VS Code\bin;C:\Program Files (x86)\IDM Computer Solutions\UltraEdit\;C:\Program Files\Azure Data Studio\bin;C:\Users\86191\AppData\Local\GitHubDesktop\bin;E:\IntelliJ IDEA 2022.2.1\bin;C:\Users\86191\AppData\Roaming\npm;C:\Program Files\dotnet\;D:\;C:\Program Files\MySQL\MySQL Server 8.0\bin;E:\Git\bin;D:\ffmpeg\bin;C:\Program Files\Microsoft SQL Server\130\Tools\Binn\;D:\maven\apache-maven-3.8.7\bin;C:\Program Files\MySQL\MySQL Shell 8.0\bin\;C:\Users\86191\AppData\Local\Programs\Python\Python39\Scripts\;C:\Users\86191\AppData\Local\Programs\Python\Python39\;C:\Users\86191\AppData\Local\Programs\Python\Python37\Scripts\;C:\Users\86191\AppData\Local\Programs\Python\Python37\;D:\»ðºü\Scripts\;D:\»ðºü\;C:\Users\86191\AppData\Local\Microsoft\WindowsApps;c:\windows\system32;E:\latex\texlive\2020\bin\win32;D:\Bandizip\;C:\Users\86191\.dotnet\tools;E:\Microsoft VS Code\bin;C:\Program Files\Azure Data Studio\bin;C:\Users\86191\AppData\Local\GitHubDesktop\bin;E:\IntelliJ IDEA 2022.2.1\bin;;C:\Users\86191\AppData\Roaming\npm
USERNAME=86191
OS=Windows_NT
PROCESSOR_IDENTIFIER=AMD64 Family 23 Model 24 Stepping 1, AuthenticAMD



---------------  S Y S T E M  ---------------

OS:
 Windows 10 , 64 bit Build 19041 (10.0.19041.2546)
OS uptime: 0 days 0:49 hours

CPU: total 8 (initial active 8) (8 cores per cpu, 2 threads per core) family 23 model 24 stepping 1 microcode 0x0, cx8, cmov, fxsr, ht, mmx, 3dnowpref, sse, sse2, sse3, ssse3, sse4a, sse4.1, sse4.2, popcnt, lzcnt, tsc, tscinvbit, avx, avx2, aes, clmul, bmi1, bmi2, adx, sha, fma, vzeroupper, clflush, clflushopt

Memory: 4k page, system-wide physical 15236M (3484M free)
TotalPageFile size 19636M (AvailPageFile size 102M)
current process WorkingSet (physical memory assigned to process): 10M, peak: 10M
current process commit charge ("private bytes"): 59M, peak: 187M

vm_info: OpenJDK 64-Bit Server VM (17.0.3+7-b469.37) for windows-amd64 JRE (17.0.3+7-b469.37), built on 2022-08-01 by "builduser" with MS VC++ 16.10 / 16.11 (VS2019)

END.
